;  LST file generated by mikroListExporter - v.2.0 
; Date/Time: 20/08/2020 15:02:34
;----------------------------------------------

;Address Opcode 	ASM
0x0000	0x000000040790  	GOTO	_main
0x0004	0x000000  	0
0x0006	0x000000  	0
0x0008	0x000000  	0
0x000A	0x000000  	0
0x000C	0x000000  	0
0x000E	0x000000  	0
0x0010	0x000000  	0
0x0012	0x000000  	0
0x0014	0x000000  	0
0x0016	0x000000  	0
0x0018	0x000000  	0
0x001A	0x000000  	0
0x001C	0x000000  	0
0x001E	0x000000  	0
0x0020	0x000000  	0
0x0022	0x000000  	0
0x0024	0x000000  	0
0x0026	0x000000  	0
0x0028	0x000000  	0
0x002A	0x000000  	0
0x002C	0x000000  	0
0x002E	0x000000  	0
0x0030	0x000000  	0
0x0032	0x000000  	0
0x0034	0x000000  	0
0x0036	0x000000  	0
0x0038	0x000000  	0
0x003A	0x000000  	0
0x003C	0x000000  	0
0x003E	0x000000  	0
0x0040	0x000000  	0
0x0042	0x000000  	0
0x0044	0x000000  	0
0x0046	0x000000  	0
0x0048	0x000000  	0
0x004A	0x000000  	0
0x004C	0x000000  	0
0x004E	0x000000  	0
0x0050	0x000000  	0
0x0052	0x000000  	0
0x0054	0x000000  	0
0x0056	0x000000  	0
0x0058	0x000000  	0
0x005A	0x000000  	0
0x005C	0x000000  	0
0x005E	0x000000  	0
0x0060	0x000000  	0
0x0062	0x000000  	0
0x0064	0x000000  	0
0x0066	0x000000  	0
0x0068	0x000000  	0
0x006A	0x000000  	0
0x006C	0x000000  	0
0x006E	0x000000  	0
0x0070	0x000000  	0
0x0072	0x000000  	0
0x0074	0x000000  	0
0x0076	0x000000  	0
0x0078	0x000000  	0
0x007A	0x000000  	0
0x007C	0x000000  	0
0x007E	0x000000  	0
0x0080	0x000000  	0
0x0082	0x000000  	0
0x0084	0x000000  	0
0x0086	0x000000  	0
0x0088	0x000000  	0
0x008A	0x000000  	0
0x008C	0x000000  	0
0x008E	0x000000  	0
0x0090	0x000000  	0
0x0092	0x000000  	0
0x0094	0x000000  	0
0x0096	0x000000  	0
0x0098	0x000000  	0
0x009A	0x000000  	0
0x009C	0x000000  	0
0x009E	0x000000  	0
0x00A0	0x000000  	0
0x00A2	0x000000  	0
0x00A4	0x000000  	0
0x00A6	0x000000  	0
0x00A8	0x000000  	0
0x00AA	0x000000  	0
0x00AC	0x000000  	0
0x00AE	0x000000  	0
0x00B0	0x000000  	0
0x00B2	0x000000  	0
0x00B4	0x000000  	0
0x00B6	0x000000  	0
0x00B8	0x000000  	0
0x00BA	0x000000  	0
0x00BC	0x000000  	0
0x00BE	0x000000  	0
0x00C0	0x000000  	0
0x00C2	0x000000  	0
0x00C4	0x000000  	0
0x00C6	0x000000  	0
0x00C8	0x000000  	0
0x00CA	0x000000  	0
0x00CC	0x000000  	0
0x00CE	0x000000  	0
0x00D0	0x000000  	0
0x00D2	0x000000  	0
0x00D4	0x000000  	0
0x00D6	0x000000  	0
0x00D8	0x000000  	0
0x00DA	0x000000  	0
0x00DC	0x000000  	0
0x00DE	0x000000  	0
0x00E0	0x000000  	0
0x00E2	0x000000  	0
0x00E4	0x000000  	0
0x00E6	0x000000  	0
0x00E8	0x000000  	0
0x00EA	0x000000  	0
0x00EC	0x000000  	0
0x00EE	0x000000  	0
0x00F0	0x000000  	0
0x00F2	0x000000  	0
0x00F4	0x000000  	0
0x00F6	0x000000  	0
0x00F8	0x000000  	0
0x00FA	0x000000  	0
0x00FC	0x000000  	0
0x00FE	0x000000  	0
_main:
0x0790	0x20800F  	MOV	#2048, W15
0x0792	0x20FFF0  	MOV	#4095, W0
0x0794	0xB7A020  	MOV	WREG, SPLIM
0x0796	0x200000  	MOV	#0, W0
0x0798	0xB7A034  	MOV	WREG, PSVPAG
0x079A	0x200040  	MOV	#4, W0
0x079C	0xB72044  	IOR	CORCON
;dsPIC_VGA.c,110 :: 		int main()
;dsPIC_VGA.c,112 :: 		setup_ports();
0x079E	0x07FF1E  	RCALL	_setup_ports
;dsPIC_VGA.c,113 :: 		hsync_off;
0x07A0	0xA822DC  	BSET.B	LATEbits, #1
;dsPIC_VGA.c,114 :: 		vsync_off;
0x07A2	0xA842DC  	BSET.B	LATEbits, #2
;dsPIC_VGA.c,116 :: 		while(1) {
L_main0:
;dsPIC_VGA.c,117 :: 		REP(6, 0, 0, Hsync();) // 15.84 ms
0x07A4	0x07FF25  	RCALL	_Hsync
0x07A6	0x07FF24  	RCALL	_Hsync
0x07A8	0x07FF23  	RCALL	_Hsync
0x07AA	0x07FF22  	RCALL	_Hsync
0x07AC	0x07FF21  	RCALL	_Hsync
0x07AE	0x07FF20  	RCALL	_Hsync
0x07B0	0x07FF1F  	RCALL	_Hsync
0x07B2	0x07FF1E  	RCALL	_Hsync
0x07B4	0x07FF1D  	RCALL	_Hsync
0x07B6	0x07FF1C  	RCALL	_Hsync
0x07B8	0x07FF1B  	RCALL	_Hsync
0x07BA	0x07FF1A  	RCALL	_Hsync
0x07BC	0x07FF19  	RCALL	_Hsync
0x07BE	0x07FF18  	RCALL	_Hsync
0x07C0	0x07FF17  	RCALL	_Hsync
0x07C2	0x07FF16  	RCALL	_Hsync
0x07C4	0x07FF15  	RCALL	_Hsync
0x07C6	0x07FF14  	RCALL	_Hsync
0x07C8	0x07FF13  	RCALL	_Hsync
0x07CA	0x07FF12  	RCALL	_Hsync
0x07CC	0x07FF11  	RCALL	_Hsync
0x07CE	0x07FF10  	RCALL	_Hsync
0x07D0	0x07FF0F  	RCALL	_Hsync
0x07D2	0x07FF0E  	RCALL	_Hsync
0x07D4	0x07FF0D  	RCALL	_Hsync
0x07D6	0x07FF0C  	RCALL	_Hsync
0x07D8	0x07FF0B  	RCALL	_Hsync
0x07DA	0x07FF0A  	RCALL	_Hsync
0x07DC	0x07FF09  	RCALL	_Hsync
0x07DE	0x07FF08  	RCALL	_Hsync
0x07E0	0x07FF07  	RCALL	_Hsync
0x07E2	0x07FF06  	RCALL	_Hsync
0x07E4	0x07FF05  	RCALL	_Hsync
0x07E6	0x07FF04  	RCALL	_Hsync
0x07E8	0x07FF03  	RCALL	_Hsync
0x07EA	0x07FF02  	RCALL	_Hsync
0x07EC	0x07FF01  	RCALL	_Hsync
0x07EE	0x07FF00  	RCALL	_Hsync
0x07F0	0x07FEFF  	RCALL	_Hsync
0x07F2	0x07FEFE  	RCALL	_Hsync
0x07F4	0x07FEFD  	RCALL	_Hsync
0x07F6	0x07FEFC  	RCALL	_Hsync
0x07F8	0x07FEFB  	RCALL	_Hsync
0x07FA	0x07FEFA  	RCALL	_Hsync
0x07FC	0x07FEF9  	RCALL	_Hsync
0x07FE	0x07FEF8  	RCALL	_Hsync
0x0800	0x07FEF7  	RCALL	_Hsync
0x0802	0x07FEF6  	RCALL	_Hsync
0x0804	0x07FEF5  	RCALL	_Hsync
0x0806	0x07FEF4  	RCALL	_Hsync
0x0808	0x07FEF3  	RCALL	_Hsync
0x080A	0x07FEF2  	RCALL	_Hsync
0x080C	0x07FEF1  	RCALL	_Hsync
0x080E	0x07FEF0  	RCALL	_Hsync
0x0810	0x07FEEF  	RCALL	_Hsync
0x0812	0x07FEEE  	RCALL	_Hsync
0x0814	0x07FEED  	RCALL	_Hsync
0x0816	0x07FEEC  	RCALL	_Hsync
0x0818	0x07FEEB  	RCALL	_Hsync
0x081A	0x07FEEA  	RCALL	_Hsync
0x081C	0x07FEE9  	RCALL	_Hsync
0x081E	0x07FEE8  	RCALL	_Hsync
0x0820	0x07FEE7  	RCALL	_Hsync
0x0822	0x07FEE6  	RCALL	_Hsync
0x0824	0x07FEE5  	RCALL	_Hsync
0x0826	0x07FEE4  	RCALL	_Hsync
0x0828	0x07FEE3  	RCALL	_Hsync
0x082A	0x07FEE2  	RCALL	_Hsync
0x082C	0x07FEE1  	RCALL	_Hsync
0x082E	0x07FEE0  	RCALL	_Hsync
0x0830	0x07FEDF  	RCALL	_Hsync
0x0832	0x07FEDE  	RCALL	_Hsync
0x0834	0x07FEDD  	RCALL	_Hsync
0x0836	0x07FEDC  	RCALL	_Hsync
0x0838	0x07FEDB  	RCALL	_Hsync
0x083A	0x07FEDA  	RCALL	_Hsync
0x083C	0x07FED9  	RCALL	_Hsync
0x083E	0x07FED8  	RCALL	_Hsync
0x0840	0x07FED7  	RCALL	_Hsync
0x0842	0x07FED6  	RCALL	_Hsync
0x0844	0x07FED5  	RCALL	_Hsync
0x0846	0x07FED4  	RCALL	_Hsync
0x0848	0x07FED3  	RCALL	_Hsync
0x084A	0x07FED2  	RCALL	_Hsync
0x084C	0x07FED1  	RCALL	_Hsync
0x084E	0x07FED0  	RCALL	_Hsync
0x0850	0x07FECF  	RCALL	_Hsync
0x0852	0x07FECE  	RCALL	_Hsync
0x0854	0x07FECD  	RCALL	_Hsync
0x0856	0x07FECC  	RCALL	_Hsync
0x0858	0x07FECB  	RCALL	_Hsync
0x085A	0x07FECA  	RCALL	_Hsync
0x085C	0x07FEC9  	RCALL	_Hsync
0x085E	0x07FEC8  	RCALL	_Hsync
0x0860	0x07FEC7  	RCALL	_Hsync
0x0862	0x07FEC6  	RCALL	_Hsync
0x0864	0x07FEC5  	RCALL	_Hsync
0x0866	0x07FEC4  	RCALL	_Hsync
0x0868	0x07FEC3  	RCALL	_Hsync
0x086A	0x07FEC2  	RCALL	_Hsync
0x086C	0x07FEC1  	RCALL	_Hsync
0x086E	0x07FEC0  	RCALL	_Hsync
0x0870	0x07FEBF  	RCALL	_Hsync
0x0872	0x07FEBE  	RCALL	_Hsync
0x0874	0x07FEBD  	RCALL	_Hsync
0x0876	0x07FEBC  	RCALL	_Hsync
0x0878	0x07FEBB  	RCALL	_Hsync
0x087A	0x07FEBA  	RCALL	_Hsync
0x087C	0x07FEB9  	RCALL	_Hsync
0x087E	0x07FEB8  	RCALL	_Hsync
0x0880	0x07FEB7  	RCALL	_Hsync
0x0882	0x07FEB6  	RCALL	_Hsync
0x0884	0x07FEB5  	RCALL	_Hsync
0x0886	0x07FEB4  	RCALL	_Hsync
0x0888	0x07FEB3  	RCALL	_Hsync
0x088A	0x07FEB2  	RCALL	_Hsync
0x088C	0x07FEB1  	RCALL	_Hsync
0x088E	0x07FEB0  	RCALL	_Hsync
0x0890	0x07FEAF  	RCALL	_Hsync
0x0892	0x07FEAE  	RCALL	_Hsync
0x0894	0x07FEAD  	RCALL	_Hsync
0x0896	0x07FEAC  	RCALL	_Hsync
0x0898	0x07FEAB  	RCALL	_Hsync
0x089A	0x07FEAA  	RCALL	_Hsync
0x089C	0x07FEA9  	RCALL	_Hsync
0x089E	0x07FEA8  	RCALL	_Hsync
0x08A0	0x07FEA7  	RCALL	_Hsync
0x08A2	0x07FEA6  	RCALL	_Hsync
0x08A4	0x07FEA5  	RCALL	_Hsync
0x08A6	0x07FEA4  	RCALL	_Hsync
0x08A8	0x07FEA3  	RCALL	_Hsync
0x08AA	0x07FEA2  	RCALL	_Hsync
0x08AC	0x07FEA1  	RCALL	_Hsync
0x08AE	0x07FEA0  	RCALL	_Hsync
0x08B0	0x07FE9F  	RCALL	_Hsync
0x08B2	0x07FE9E  	RCALL	_Hsync
0x08B4	0x07FE9D  	RCALL	_Hsync
0x08B6	0x07FE9C  	RCALL	_Hsync
0x08B8	0x07FE9B  	RCALL	_Hsync
0x08BA	0x07FE9A  	RCALL	_Hsync
0x08BC	0x07FE99  	RCALL	_Hsync
0x08BE	0x07FE98  	RCALL	_Hsync
0x08C0	0x07FE97  	RCALL	_Hsync
0x08C2	0x07FE96  	RCALL	_Hsync
0x08C4	0x07FE95  	RCALL	_Hsync
0x08C6	0x07FE94  	RCALL	_Hsync
0x08C8	0x07FE93  	RCALL	_Hsync
0x08CA	0x07FE92  	RCALL	_Hsync
0x08CC	0x07FE91  	RCALL	_Hsync
0x08CE	0x07FE90  	RCALL	_Hsync
0x08D0	0x07FE8F  	RCALL	_Hsync
0x08D2	0x07FE8E  	RCALL	_Hsync
0x08D4	0x07FE8D  	RCALL	_Hsync
0x08D6	0x07FE8C  	RCALL	_Hsync
0x08D8	0x07FE8B  	RCALL	_Hsync
0x08DA	0x07FE8A  	RCALL	_Hsync
0x08DC	0x07FE89  	RCALL	_Hsync
0x08DE	0x07FE88  	RCALL	_Hsync
0x08E0	0x07FE87  	RCALL	_Hsync
0x08E2	0x07FE86  	RCALL	_Hsync
0x08E4	0x07FE85  	RCALL	_Hsync
0x08E6	0x07FE84  	RCALL	_Hsync
0x08E8	0x07FE83  	RCALL	_Hsync
0x08EA	0x07FE82  	RCALL	_Hsync
0x08EC	0x07FE81  	RCALL	_Hsync
0x08EE	0x07FE80  	RCALL	_Hsync
0x08F0	0x07FE7F  	RCALL	_Hsync
0x08F2	0x07FE7E  	RCALL	_Hsync
0x08F4	0x07FE7D  	RCALL	_Hsync
0x08F6	0x07FE7C  	RCALL	_Hsync
0x08F8	0x07FE7B  	RCALL	_Hsync
0x08FA	0x07FE7A  	RCALL	_Hsync
0x08FC	0x07FE79  	RCALL	_Hsync
0x08FE	0x07FE78  	RCALL	_Hsync
0x0900	0x07FE77  	RCALL	_Hsync
0x0902	0x07FE76  	RCALL	_Hsync
0x0904	0x07FE75  	RCALL	_Hsync
0x0906	0x07FE74  	RCALL	_Hsync
0x0908	0x07FE73  	RCALL	_Hsync
0x090A	0x07FE72  	RCALL	_Hsync
0x090C	0x07FE71  	RCALL	_Hsync
0x090E	0x07FE70  	RCALL	_Hsync
0x0910	0x07FE6F  	RCALL	_Hsync
0x0912	0x07FE6E  	RCALL	_Hsync
0x0914	0x07FE6D  	RCALL	_Hsync
0x0916	0x07FE6C  	RCALL	_Hsync
0x0918	0x07FE6B  	RCALL	_Hsync
0x091A	0x07FE6A  	RCALL	_Hsync
0x091C	0x07FE69  	RCALL	_Hsync
0x091E	0x07FE68  	RCALL	_Hsync
0x0920	0x07FE67  	RCALL	_Hsync
0x0922	0x07FE66  	RCALL	_Hsync
0x0924	0x07FE65  	RCALL	_Hsync
0x0926	0x07FE64  	RCALL	_Hsync
0x0928	0x07FE63  	RCALL	_Hsync
0x092A	0x07FE62  	RCALL	_Hsync
0x092C	0x07FE61  	RCALL	_Hsync
0x092E	0x07FE60  	RCALL	_Hsync
0x0930	0x07FE5F  	RCALL	_Hsync
0x0932	0x07FE5E  	RCALL	_Hsync
0x0934	0x07FE5D  	RCALL	_Hsync
0x0936	0x07FE5C  	RCALL	_Hsync
0x0938	0x07FE5B  	RCALL	_Hsync
0x093A	0x07FE5A  	RCALL	_Hsync
0x093C	0x07FE59  	RCALL	_Hsync
0x093E	0x07FE58  	RCALL	_Hsync
0x0940	0x07FE57  	RCALL	_Hsync
0x0942	0x07FE56  	RCALL	_Hsync
0x0944	0x07FE55  	RCALL	_Hsync
0x0946	0x07FE54  	RCALL	_Hsync
0x0948	0x07FE53  	RCALL	_Hsync
0x094A	0x07FE52  	RCALL	_Hsync
0x094C	0x07FE51  	RCALL	_Hsync
0x094E	0x07FE50  	RCALL	_Hsync
0x0950	0x07FE4F  	RCALL	_Hsync
0x0952	0x07FE4E  	RCALL	_Hsync
0x0954	0x07FE4D  	RCALL	_Hsync
0x0956	0x07FE4C  	RCALL	_Hsync
0x0958	0x07FE4B  	RCALL	_Hsync
0x095A	0x07FE4A  	RCALL	_Hsync
0x095C	0x07FE49  	RCALL	_Hsync
0x095E	0x07FE48  	RCALL	_Hsync
0x0960	0x07FE47  	RCALL	_Hsync
0x0962	0x07FE46  	RCALL	_Hsync
0x0964	0x07FE45  	RCALL	_Hsync
0x0966	0x07FE44  	RCALL	_Hsync
0x0968	0x07FE43  	RCALL	_Hsync
0x096A	0x07FE42  	RCALL	_Hsync
0x096C	0x07FE41  	RCALL	_Hsync
0x096E	0x07FE40  	RCALL	_Hsync
0x0970	0x07FE3F  	RCALL	_Hsync
0x0972	0x07FE3E  	RCALL	_Hsync
0x0974	0x07FE3D  	RCALL	_Hsync
0x0976	0x07FE3C  	RCALL	_Hsync
0x0978	0x07FE3B  	RCALL	_Hsync
0x097A	0x07FE3A  	RCALL	_Hsync
0x097C	0x07FE39  	RCALL	_Hsync
0x097E	0x07FE38  	RCALL	_Hsync
0x0980	0x07FE37  	RCALL	_Hsync
0x0982	0x07FE36  	RCALL	_Hsync
0x0984	0x07FE35  	RCALL	_Hsync
0x0986	0x07FE34  	RCALL	_Hsync
0x0988	0x07FE33  	RCALL	_Hsync
0x098A	0x07FE32  	RCALL	_Hsync
0x098C	0x07FE31  	RCALL	_Hsync
0x098E	0x07FE30  	RCALL	_Hsync
0x0990	0x07FE2F  	RCALL	_Hsync
0x0992	0x07FE2E  	RCALL	_Hsync
0x0994	0x07FE2D  	RCALL	_Hsync
0x0996	0x07FE2C  	RCALL	_Hsync
0x0998	0x07FE2B  	RCALL	_Hsync
0x099A	0x07FE2A  	RCALL	_Hsync
0x099C	0x07FE29  	RCALL	_Hsync
0x099E	0x07FE28  	RCALL	_Hsync
0x09A0	0x07FE27  	RCALL	_Hsync
0x09A2	0x07FE26  	RCALL	_Hsync
0x09A4	0x07FE25  	RCALL	_Hsync
0x09A6	0x07FE24  	RCALL	_Hsync
0x09A8	0x07FE23  	RCALL	_Hsync
0x09AA	0x07FE22  	RCALL	_Hsync
0x09AC	0x07FE21  	RCALL	_Hsync
0x09AE	0x07FE20  	RCALL	_Hsync
0x09B0	0x07FE1F  	RCALL	_Hsync
0x09B2	0x07FE1E  	RCALL	_Hsync
0x09B4	0x07FE1D  	RCALL	_Hsync
0x09B6	0x07FE1C  	RCALL	_Hsync
0x09B8	0x07FE1B  	RCALL	_Hsync
0x09BA	0x07FE1A  	RCALL	_Hsync
0x09BC	0x07FE19  	RCALL	_Hsync
0x09BE	0x07FE18  	RCALL	_Hsync
0x09C0	0x07FE17  	RCALL	_Hsync
0x09C2	0x07FE16  	RCALL	_Hsync
0x09C4	0x07FE15  	RCALL	_Hsync
0x09C6	0x07FE14  	RCALL	_Hsync
0x09C8	0x07FE13  	RCALL	_Hsync
0x09CA	0x07FE12  	RCALL	_Hsync
0x09CC	0x07FE11  	RCALL	_Hsync
0x09CE	0x07FE10  	RCALL	_Hsync
0x09D0	0x07FE0F  	RCALL	_Hsync
0x09D2	0x07FE0E  	RCALL	_Hsync
0x09D4	0x07FE0D  	RCALL	_Hsync
0x09D6	0x07FE0C  	RCALL	_Hsync
0x09D8	0x07FE0B  	RCALL	_Hsync
0x09DA	0x07FE0A  	RCALL	_Hsync
0x09DC	0x07FE09  	RCALL	_Hsync
0x09DE	0x07FE08  	RCALL	_Hsync
0x09E0	0x07FE07  	RCALL	_Hsync
0x09E2	0x07FE06  	RCALL	_Hsync
0x09E4	0x07FE05  	RCALL	_Hsync
0x09E6	0x07FE04  	RCALL	_Hsync
0x09E8	0x07FE03  	RCALL	_Hsync
0x09EA	0x07FE02  	RCALL	_Hsync
0x09EC	0x07FE01  	RCALL	_Hsync
0x09EE	0x07FE00  	RCALL	_Hsync
0x09F0	0x07FDFF  	RCALL	_Hsync
0x09F2	0x07FDFE  	RCALL	_Hsync
0x09F4	0x07FDFD  	RCALL	_Hsync
0x09F6	0x07FDFC  	RCALL	_Hsync
0x09F8	0x07FDFB  	RCALL	_Hsync
0x09FA	0x07FDFA  	RCALL	_Hsync
0x09FC	0x07FDF9  	RCALL	_Hsync
0x09FE	0x07FDF8  	RCALL	_Hsync
0x0A00	0x07FDF7  	RCALL	_Hsync
0x0A02	0x07FDF6  	RCALL	_Hsync
0x0A04	0x07FDF5  	RCALL	_Hsync
0x0A06	0x07FDF4  	RCALL	_Hsync
0x0A08	0x07FDF3  	RCALL	_Hsync
0x0A0A	0x07FDF2  	RCALL	_Hsync
0x0A0C	0x07FDF1  	RCALL	_Hsync
0x0A0E	0x07FDF0  	RCALL	_Hsync
0x0A10	0x07FDEF  	RCALL	_Hsync
0x0A12	0x07FDEE  	RCALL	_Hsync
0x0A14	0x07FDED  	RCALL	_Hsync
0x0A16	0x07FDEC  	RCALL	_Hsync
0x0A18	0x07FDEB  	RCALL	_Hsync
0x0A1A	0x07FDEA  	RCALL	_Hsync
0x0A1C	0x07FDE9  	RCALL	_Hsync
0x0A1E	0x07FDE8  	RCALL	_Hsync
0x0A20	0x07FDE7  	RCALL	_Hsync
0x0A22	0x07FDE6  	RCALL	_Hsync
0x0A24	0x07FDE5  	RCALL	_Hsync
0x0A26	0x07FDE4  	RCALL	_Hsync
0x0A28	0x07FDE3  	RCALL	_Hsync
0x0A2A	0x07FDE2  	RCALL	_Hsync
0x0A2C	0x07FDE1  	RCALL	_Hsync
0x0A2E	0x07FDE0  	RCALL	_Hsync
0x0A30	0x07FDDF  	RCALL	_Hsync
0x0A32	0x07FDDE  	RCALL	_Hsync
0x0A34	0x07FDDD  	RCALL	_Hsync
0x0A36	0x07FDDC  	RCALL	_Hsync
0x0A38	0x07FDDB  	RCALL	_Hsync
0x0A3A	0x07FDDA  	RCALL	_Hsync
0x0A3C	0x07FDD9  	RCALL	_Hsync
0x0A3E	0x07FDD8  	RCALL	_Hsync
0x0A40	0x07FDD7  	RCALL	_Hsync
0x0A42	0x07FDD6  	RCALL	_Hsync
0x0A44	0x07FDD5  	RCALL	_Hsync
0x0A46	0x07FDD4  	RCALL	_Hsync
0x0A48	0x07FDD3  	RCALL	_Hsync
0x0A4A	0x07FDD2  	RCALL	_Hsync
0x0A4C	0x07FDD1  	RCALL	_Hsync
0x0A4E	0x07FDD0  	RCALL	_Hsync
0x0A50	0x07FDCF  	RCALL	_Hsync
0x0A52	0x07FDCE  	RCALL	_Hsync
0x0A54	0x07FDCD  	RCALL	_Hsync
0x0A56	0x07FDCC  	RCALL	_Hsync
0x0A58	0x07FDCB  	RCALL	_Hsync
0x0A5A	0x07FDCA  	RCALL	_Hsync
0x0A5C	0x07FDC9  	RCALL	_Hsync
0x0A5E	0x07FDC8  	RCALL	_Hsync
0x0A60	0x07FDC7  	RCALL	_Hsync
0x0A62	0x07FDC6  	RCALL	_Hsync
0x0A64	0x07FDC5  	RCALL	_Hsync
0x0A66	0x07FDC4  	RCALL	_Hsync
0x0A68	0x07FDC3  	RCALL	_Hsync
0x0A6A	0x07FDC2  	RCALL	_Hsync
0x0A6C	0x07FDC1  	RCALL	_Hsync
0x0A6E	0x07FDC0  	RCALL	_Hsync
0x0A70	0x07FDBF  	RCALL	_Hsync
0x0A72	0x07FDBE  	RCALL	_Hsync
0x0A74	0x07FDBD  	RCALL	_Hsync
0x0A76	0x07FDBC  	RCALL	_Hsync
0x0A78	0x07FDBB  	RCALL	_Hsync
0x0A7A	0x07FDBA  	RCALL	_Hsync
0x0A7C	0x07FDB9  	RCALL	_Hsync
0x0A7E	0x07FDB8  	RCALL	_Hsync
0x0A80	0x07FDB7  	RCALL	_Hsync
0x0A82	0x07FDB6  	RCALL	_Hsync
0x0A84	0x07FDB5  	RCALL	_Hsync
0x0A86	0x07FDB4  	RCALL	_Hsync
0x0A88	0x07FDB3  	RCALL	_Hsync
0x0A8A	0x07FDB2  	RCALL	_Hsync
0x0A8C	0x07FDB1  	RCALL	_Hsync
0x0A8E	0x07FDB0  	RCALL	_Hsync
0x0A90	0x07FDAF  	RCALL	_Hsync
0x0A92	0x07FDAE  	RCALL	_Hsync
0x0A94	0x07FDAD  	RCALL	_Hsync
0x0A96	0x07FDAC  	RCALL	_Hsync
0x0A98	0x07FDAB  	RCALL	_Hsync
0x0A9A	0x07FDAA  	RCALL	_Hsync
0x0A9C	0x07FDA9  	RCALL	_Hsync
0x0A9E	0x07FDA8  	RCALL	_Hsync
0x0AA0	0x07FDA7  	RCALL	_Hsync
0x0AA2	0x07FDA6  	RCALL	_Hsync
0x0AA4	0x07FDA5  	RCALL	_Hsync
0x0AA6	0x07FDA4  	RCALL	_Hsync
0x0AA8	0x07FDA3  	RCALL	_Hsync
0x0AAA	0x07FDA2  	RCALL	_Hsync
0x0AAC	0x07FDA1  	RCALL	_Hsync
0x0AAE	0x07FDA0  	RCALL	_Hsync
0x0AB0	0x07FD9F  	RCALL	_Hsync
0x0AB2	0x07FD9E  	RCALL	_Hsync
0x0AB4	0x07FD9D  	RCALL	_Hsync
0x0AB6	0x07FD9C  	RCALL	_Hsync
0x0AB8	0x07FD9B  	RCALL	_Hsync
0x0ABA	0x07FD9A  	RCALL	_Hsync
0x0ABC	0x07FD99  	RCALL	_Hsync
0x0ABE	0x07FD98  	RCALL	_Hsync
0x0AC0	0x07FD97  	RCALL	_Hsync
0x0AC2	0x07FD96  	RCALL	_Hsync
0x0AC4	0x07FD95  	RCALL	_Hsync
0x0AC6	0x07FD94  	RCALL	_Hsync
0x0AC8	0x07FD93  	RCALL	_Hsync
0x0ACA	0x07FD92  	RCALL	_Hsync
0x0ACC	0x07FD91  	RCALL	_Hsync
0x0ACE	0x07FD90  	RCALL	_Hsync
0x0AD0	0x07FD8F  	RCALL	_Hsync
0x0AD2	0x07FD8E  	RCALL	_Hsync
0x0AD4	0x07FD8D  	RCALL	_Hsync
0x0AD6	0x07FD8C  	RCALL	_Hsync
0x0AD8	0x07FD8B  	RCALL	_Hsync
0x0ADA	0x07FD8A  	RCALL	_Hsync
0x0ADC	0x07FD89  	RCALL	_Hsync
0x0ADE	0x07FD88  	RCALL	_Hsync
0x0AE0	0x07FD87  	RCALL	_Hsync
0x0AE2	0x07FD86  	RCALL	_Hsync
0x0AE4	0x07FD85  	RCALL	_Hsync
0x0AE6	0x07FD84  	RCALL	_Hsync
0x0AE8	0x07FD83  	RCALL	_Hsync
0x0AEA	0x07FD82  	RCALL	_Hsync
0x0AEC	0x07FD81  	RCALL	_Hsync
0x0AEE	0x07FD80  	RCALL	_Hsync
0x0AF0	0x07FD7F  	RCALL	_Hsync
0x0AF2	0x07FD7E  	RCALL	_Hsync
0x0AF4	0x07FD7D  	RCALL	_Hsync
0x0AF6	0x07FD7C  	RCALL	_Hsync
0x0AF8	0x07FD7B  	RCALL	_Hsync
0x0AFA	0x07FD7A  	RCALL	_Hsync
0x0AFC	0x07FD79  	RCALL	_Hsync
0x0AFE	0x07FD78  	RCALL	_Hsync
0x0B00	0x07FD77  	RCALL	_Hsync
0x0B02	0x07FD76  	RCALL	_Hsync
0x0B04	0x07FD75  	RCALL	_Hsync
0x0B06	0x07FD74  	RCALL	_Hsync
0x0B08	0x07FD73  	RCALL	_Hsync
0x0B0A	0x07FD72  	RCALL	_Hsync
0x0B0C	0x07FD71  	RCALL	_Hsync
0x0B0E	0x07FD70  	RCALL	_Hsync
0x0B10	0x07FD6F  	RCALL	_Hsync
0x0B12	0x07FD6E  	RCALL	_Hsync
0x0B14	0x07FD6D  	RCALL	_Hsync
0x0B16	0x07FD6C  	RCALL	_Hsync
0x0B18	0x07FD6B  	RCALL	_Hsync
0x0B1A	0x07FD6A  	RCALL	_Hsync
0x0B1C	0x07FD69  	RCALL	_Hsync
0x0B1E	0x07FD68  	RCALL	_Hsync
0x0B20	0x07FD67  	RCALL	_Hsync
0x0B22	0x07FD66  	RCALL	_Hsync
0x0B24	0x07FD65  	RCALL	_Hsync
0x0B26	0x07FD64  	RCALL	_Hsync
0x0B28	0x07FD63  	RCALL	_Hsync
0x0B2A	0x07FD62  	RCALL	_Hsync
0x0B2C	0x07FD61  	RCALL	_Hsync
0x0B2E	0x07FD60  	RCALL	_Hsync
0x0B30	0x07FD5F  	RCALL	_Hsync
0x0B32	0x07FD5E  	RCALL	_Hsync
0x0B34	0x07FD5D  	RCALL	_Hsync
0x0B36	0x07FD5C  	RCALL	_Hsync
0x0B38	0x07FD5B  	RCALL	_Hsync
0x0B3A	0x07FD5A  	RCALL	_Hsync
0x0B3C	0x07FD59  	RCALL	_Hsync
0x0B3E	0x07FD58  	RCALL	_Hsync
0x0B40	0x07FD57  	RCALL	_Hsync
0x0B42	0x07FD56  	RCALL	_Hsync
0x0B44	0x07FD55  	RCALL	_Hsync
0x0B46	0x07FD54  	RCALL	_Hsync
0x0B48	0x07FD53  	RCALL	_Hsync
0x0B4A	0x07FD52  	RCALL	_Hsync
0x0B4C	0x07FD51  	RCALL	_Hsync
0x0B4E	0x07FD50  	RCALL	_Hsync
0x0B50	0x07FD4F  	RCALL	_Hsync
0x0B52	0x07FD4E  	RCALL	_Hsync
0x0B54	0x07FD4D  	RCALL	_Hsync
0x0B56	0x07FD4C  	RCALL	_Hsync
0x0B58	0x07FD4B  	RCALL	_Hsync
0x0B5A	0x07FD4A  	RCALL	_Hsync
0x0B5C	0x07FD49  	RCALL	_Hsync
0x0B5E	0x07FD48  	RCALL	_Hsync
0x0B60	0x07FD47  	RCALL	_Hsync
0x0B62	0x07FD46  	RCALL	_Hsync
0x0B64	0x07FD45  	RCALL	_Hsync
0x0B66	0x07FD44  	RCALL	_Hsync
0x0B68	0x07FD43  	RCALL	_Hsync
0x0B6A	0x07FD42  	RCALL	_Hsync
0x0B6C	0x07FD41  	RCALL	_Hsync
0x0B6E	0x07FD40  	RCALL	_Hsync
0x0B70	0x07FD3F  	RCALL	_Hsync
0x0B72	0x07FD3E  	RCALL	_Hsync
0x0B74	0x07FD3D  	RCALL	_Hsync
0x0B76	0x07FD3C  	RCALL	_Hsync
0x0B78	0x07FD3B  	RCALL	_Hsync
0x0B7A	0x07FD3A  	RCALL	_Hsync
0x0B7C	0x07FD39  	RCALL	_Hsync
0x0B7E	0x07FD38  	RCALL	_Hsync
0x0B80	0x07FD37  	RCALL	_Hsync
0x0B82	0x07FD36  	RCALL	_Hsync
0x0B84	0x07FD35  	RCALL	_Hsync
0x0B86	0x07FD34  	RCALL	_Hsync
0x0B88	0x07FD33  	RCALL	_Hsync
0x0B8A	0x07FD32  	RCALL	_Hsync
0x0B8C	0x07FD31  	RCALL	_Hsync
0x0B8E	0x07FD30  	RCALL	_Hsync
0x0B90	0x07FD2F  	RCALL	_Hsync
0x0B92	0x07FD2E  	RCALL	_Hsync
0x0B94	0x07FD2D  	RCALL	_Hsync
0x0B96	0x07FD2C  	RCALL	_Hsync
0x0B98	0x07FD2B  	RCALL	_Hsync
0x0B9A	0x07FD2A  	RCALL	_Hsync
0x0B9C	0x07FD29  	RCALL	_Hsync
0x0B9E	0x07FD28  	RCALL	_Hsync
0x0BA0	0x07FD27  	RCALL	_Hsync
0x0BA2	0x07FD26  	RCALL	_Hsync
0x0BA4	0x07FD25  	RCALL	_Hsync
0x0BA6	0x07FD24  	RCALL	_Hsync
0x0BA8	0x07FD23  	RCALL	_Hsync
0x0BAA	0x07FD22  	RCALL	_Hsync
0x0BAC	0x07FD21  	RCALL	_Hsync
0x0BAE	0x07FD20  	RCALL	_Hsync
0x0BB0	0x07FD1F  	RCALL	_Hsync
0x0BB2	0x07FD1E  	RCALL	_Hsync
0x0BB4	0x07FD1D  	RCALL	_Hsync
0x0BB6	0x07FD1C  	RCALL	_Hsync
0x0BB8	0x07FD1B  	RCALL	_Hsync
0x0BBA	0x07FD1A  	RCALL	_Hsync
0x0BBC	0x07FD19  	RCALL	_Hsync
0x0BBE	0x07FD18  	RCALL	_Hsync
0x0BC0	0x07FD17  	RCALL	_Hsync
0x0BC2	0x07FD16  	RCALL	_Hsync
0x0BC4	0x07FD15  	RCALL	_Hsync
0x0BC6	0x07FD14  	RCALL	_Hsync
0x0BC8	0x07FD13  	RCALL	_Hsync
0x0BCA	0x07FD12  	RCALL	_Hsync
0x0BCC	0x07FD11  	RCALL	_Hsync
0x0BCE	0x07FD10  	RCALL	_Hsync
0x0BD0	0x07FD0F  	RCALL	_Hsync
0x0BD2	0x07FD0E  	RCALL	_Hsync
0x0BD4	0x07FD0D  	RCALL	_Hsync
0x0BD6	0x07FD0C  	RCALL	_Hsync
0x0BD8	0x07FD0B  	RCALL	_Hsync
0x0BDA	0x07FD0A  	RCALL	_Hsync
0x0BDC	0x07FD09  	RCALL	_Hsync
0x0BDE	0x07FD08  	RCALL	_Hsync
0x0BE0	0x07FD07  	RCALL	_Hsync
0x0BE2	0x07FD06  	RCALL	_Hsync
0x0BE4	0x07FD05  	RCALL	_Hsync
0x0BE6	0x07FD04  	RCALL	_Hsync
0x0BE8	0x07FD03  	RCALL	_Hsync
0x0BEA	0x07FD02  	RCALL	_Hsync
0x0BEC	0x07FD01  	RCALL	_Hsync
0x0BEE	0x07FD00  	RCALL	_Hsync
0x0BF0	0x07FCFF  	RCALL	_Hsync
0x0BF2	0x07FCFE  	RCALL	_Hsync
0x0BF4	0x07FCFD  	RCALL	_Hsync
0x0BF6	0x07FCFC  	RCALL	_Hsync
0x0BF8	0x07FCFB  	RCALL	_Hsync
0x0BFA	0x07FCFA  	RCALL	_Hsync
0x0BFC	0x07FCF9  	RCALL	_Hsync
0x0BFE	0x07FCF8  	RCALL	_Hsync
0x0C00	0x07FCF7  	RCALL	_Hsync
0x0C02	0x07FCF6  	RCALL	_Hsync
0x0C04	0x07FCF5  	RCALL	_Hsync
0x0C06	0x07FCF4  	RCALL	_Hsync
0x0C08	0x07FCF3  	RCALL	_Hsync
0x0C0A	0x07FCF2  	RCALL	_Hsync
0x0C0C	0x07FCF1  	RCALL	_Hsync
0x0C0E	0x07FCF0  	RCALL	_Hsync
0x0C10	0x07FCEF  	RCALL	_Hsync
0x0C12	0x07FCEE  	RCALL	_Hsync
0x0C14	0x07FCED  	RCALL	_Hsync
0x0C16	0x07FCEC  	RCALL	_Hsync
0x0C18	0x07FCEB  	RCALL	_Hsync
0x0C1A	0x07FCEA  	RCALL	_Hsync
0x0C1C	0x07FCE9  	RCALL	_Hsync
0x0C1E	0x07FCE8  	RCALL	_Hsync
0x0C20	0x07FCE7  	RCALL	_Hsync
0x0C22	0x07FCE6  	RCALL	_Hsync
0x0C24	0x07FCE5  	RCALL	_Hsync
0x0C26	0x07FCE4  	RCALL	_Hsync
0x0C28	0x07FCE3  	RCALL	_Hsync
0x0C2A	0x07FCE2  	RCALL	_Hsync
0x0C2C	0x07FCE1  	RCALL	_Hsync
0x0C2E	0x07FCE0  	RCALL	_Hsync
0x0C30	0x07FCDF  	RCALL	_Hsync
0x0C32	0x07FCDE  	RCALL	_Hsync
0x0C34	0x07FCDD  	RCALL	_Hsync
0x0C36	0x07FCDC  	RCALL	_Hsync
0x0C38	0x07FCDB  	RCALL	_Hsync
0x0C3A	0x07FCDA  	RCALL	_Hsync
0x0C3C	0x07FCD9  	RCALL	_Hsync
0x0C3E	0x07FCD8  	RCALL	_Hsync
0x0C40	0x07FCD7  	RCALL	_Hsync
0x0C42	0x07FCD6  	RCALL	_Hsync
0x0C44	0x07FCD5  	RCALL	_Hsync
0x0C46	0x07FCD4  	RCALL	_Hsync
0x0C48	0x07FCD3  	RCALL	_Hsync
0x0C4A	0x07FCD2  	RCALL	_Hsync
0x0C4C	0x07FCD1  	RCALL	_Hsync
0x0C4E	0x07FCD0  	RCALL	_Hsync
0x0C50	0x07FCCF  	RCALL	_Hsync
0x0C52	0x07FCCE  	RCALL	_Hsync
;dsPIC_VGA.c,119 :: 		Hsync_with_vsync_on(); // 0.0264 ms
0x0C54	0x07FA55  	RCALL	_Hsync_with_vsync_on
;dsPIC_VGA.c,121 :: 		Hsync_with_vsync_on(); Hsync_with_vsync_on(); Hsync_with_vsync_on(); Hsync_with_vsync_off(); // 0.1056 ms
0x0C56	0x07FA54  	RCALL	_Hsync_with_vsync_on
0x0C58	0x07FA53  	RCALL	_Hsync_with_vsync_on
0x0C5A	0x07FA52  	RCALL	_Hsync_with_vsync_on
0x0C5C	0x07FB21  	RCALL	_Hsync_with_vsync_off
;dsPIC_VGA.c,123 :: 		REP(0, 2, 2, Hsync();) Hsync_final(); } //0.6072 ms
0x0C5E	0x07FCC8  	RCALL	_Hsync
0x0C60	0x07FCC7  	RCALL	_Hsync
0x0C62	0x07FCC6  	RCALL	_Hsync
0x0C64	0x07FCC5  	RCALL	_Hsync
0x0C66	0x07FCC4  	RCALL	_Hsync
0x0C68	0x07FCC3  	RCALL	_Hsync
0x0C6A	0x07FCC2  	RCALL	_Hsync
0x0C6C	0x07FCC1  	RCALL	_Hsync
0x0C6E	0x07FCC0  	RCALL	_Hsync
0x0C70	0x07FCBF  	RCALL	_Hsync
0x0C72	0x07FCBE  	RCALL	_Hsync
0x0C74	0x07FCBD  	RCALL	_Hsync
0x0C76	0x07FCBC  	RCALL	_Hsync
0x0C78	0x07FCBB  	RCALL	_Hsync
0x0C7A	0x07FCBA  	RCALL	_Hsync
0x0C7C	0x07FCB9  	RCALL	_Hsync
0x0C7E	0x07FCB8  	RCALL	_Hsync
0x0C80	0x07FCB7  	RCALL	_Hsync
0x0C82	0x07FCB6  	RCALL	_Hsync
0x0C84	0x07FCB5  	RCALL	_Hsync
0x0C86	0x07FCB4  	RCALL	_Hsync
0x0C88	0x07FCB3  	RCALL	_Hsync
0x0C8A	0x07FBDA  	RCALL	_Hsync_final
0x0C8C	0x37FD8B  	BRA	L_main0
;dsPIC_VGA.c,124 :: 		}
L_end_main:
L__main_end_loop:
0x0C8E	0x37FFFF  	BRA	L__main_end_loop
; end of _main
_setup_ports:
;dsPIC_VGA.c,41 :: 		void setup_ports(void)
;dsPIC_VGA.c,43 :: 		ADPCFG = 0xFFFF;
0x05DC	0x2FFFF0  	MOV	#65535, W0
0x05DE	0xB7A2A8  	MOV	WREG, ADPCFG
;dsPIC_VGA.c,44 :: 		PORTB=0;
0x05E0	0xEF22C8  	CLR	PORTB
;dsPIC_VGA.c,45 :: 		PORTC=0;
0x05E2	0xEF22CE  	CLR	PORTC
;dsPIC_VGA.c,46 :: 		PORTD=0;
0x05E4	0xEF22D4  	CLR	PORTD
;dsPIC_VGA.c,47 :: 		PORTE=0;
0x05E6	0xEF22DA  	CLR	PORTE
;dsPIC_VGA.c,49 :: 		TRISE = 0;
0x05E8	0xEF22D8  	CLR	TRISE
;dsPIC_VGA.c,50 :: 		TRISD = 0;
0x05EA	0xEF22D2  	CLR	TRISD
;dsPIC_VGA.c,51 :: 		TRISB = 0;
0x05EC	0xEF22C6  	CLR	TRISB
;dsPIC_VGA.c,52 :: 		}
L_end_setup_ports:
0x05EE	0x060000  	RETURN
; end of _setup_ports
_Hsync:
;dsPIC_VGA.c,72 :: 		void Hsync() {
;dsPIC_VGA.c,73 :: 		REP(1, 5, 8, VGA_R = !VGA_R;) // 800 / 5 = 160 cycles
0x05F0	0xAA02D6  	BTG.B	LATDbits, #0
0x05F2	0xAA02D6  	BTG.B	LATDbits, #0
0x05F4	0xAA02D6  	BTG.B	LATDbits, #0
0x05F6	0xAA02D6  	BTG.B	LATDbits, #0
0x05F8	0xAA02D6  	BTG.B	LATDbits, #0
0x05FA	0xAA02D6  	BTG.B	LATDbits, #0
0x05FC	0xAA02D6  	BTG.B	LATDbits, #0
0x05FE	0xAA02D6  	BTG.B	LATDbits, #0
0x0600	0xAA02D6  	BTG.B	LATDbits, #0
0x0602	0xAA02D6  	BTG.B	LATDbits, #0
0x0604	0xAA02D6  	BTG.B	LATDbits, #0
0x0606	0xAA02D6  	BTG.B	LATDbits, #0
0x0608	0xAA02D6  	BTG.B	LATDbits, #0
0x060A	0xAA02D6  	BTG.B	LATDbits, #0
0x060C	0xAA02D6  	BTG.B	LATDbits, #0
0x060E	0xAA02D6  	BTG.B	LATDbits, #0
0x0610	0xAA02D6  	BTG.B	LATDbits, #0
0x0612	0xAA02D6  	BTG.B	LATDbits, #0
0x0614	0xAA02D6  	BTG.B	LATDbits, #0
0x0616	0xAA02D6  	BTG.B	LATDbits, #0
0x0618	0xAA02D6  	BTG.B	LATDbits, #0
0x061A	0xAA02D6  	BTG.B	LATDbits, #0
0x061C	0xAA02D6  	BTG.B	LATDbits, #0
0x061E	0xAA02D6  	BTG.B	LATDbits, #0
0x0620	0xAA02D6  	BTG.B	LATDbits, #0
0x0622	0xAA02D6  	BTG.B	LATDbits, #0
0x0624	0xAA02D6  	BTG.B	LATDbits, #0
0x0626	0xAA02D6  	BTG.B	LATDbits, #0
0x0628	0xAA02D6  	BTG.B	LATDbits, #0
0x062A	0xAA02D6  	BTG.B	LATDbits, #0
0x062C	0xAA02D6  	BTG.B	LATDbits, #0
0x062E	0xAA02D6  	BTG.B	LATDbits, #0
0x0630	0xAA02D6  	BTG.B	LATDbits, #0
0x0632	0xAA02D6  	BTG.B	LATDbits, #0
0x0634	0xAA02D6  	BTG.B	LATDbits, #0
0x0636	0xAA02D6  	BTG.B	LATDbits, #0
0x0638	0xAA02D6  	BTG.B	LATDbits, #0
0x063A	0xAA02D6  	BTG.B	LATDbits, #0
0x063C	0xAA02D6  	BTG.B	LATDbits, #0
0x063E	0xAA02D6  	BTG.B	LATDbits, #0
0x0640	0xAA02D6  	BTG.B	LATDbits, #0
0x0642	0xAA02D6  	BTG.B	LATDbits, #0
0x0644	0xAA02D6  	BTG.B	LATDbits, #0
0x0646	0xAA02D6  	BTG.B	LATDbits, #0
0x0648	0xAA02D6  	BTG.B	LATDbits, #0
0x064A	0xAA02D6  	BTG.B	LATDbits, #0
0x064C	0xAA02D6  	BTG.B	LATDbits, #0
0x064E	0xAA02D6  	BTG.B	LATDbits, #0
0x0650	0xAA02D6  	BTG.B	LATDbits, #0
0x0652	0xAA02D6  	BTG.B	LATDbits, #0
0x0654	0xAA02D6  	BTG.B	LATDbits, #0
0x0656	0xAA02D6  	BTG.B	LATDbits, #0
0x0658	0xAA02D6  	BTG.B	LATDbits, #0
0x065A	0xAA02D6  	BTG.B	LATDbits, #0
0x065C	0xAA02D6  	BTG.B	LATDbits, #0
0x065E	0xAA02D6  	BTG.B	LATDbits, #0
0x0660	0xAA02D6  	BTG.B	LATDbits, #0
0x0662	0xAA02D6  	BTG.B	LATDbits, #0
0x0664	0xAA02D6  	BTG.B	LATDbits, #0
0x0666	0xAA02D6  	BTG.B	LATDbits, #0
0x0668	0xAA02D6  	BTG.B	LATDbits, #0
0x066A	0xAA02D6  	BTG.B	LATDbits, #0
0x066C	0xAA02D6  	BTG.B	LATDbits, #0
0x066E	0xAA02D6  	BTG.B	LATDbits, #0
0x0670	0xAA02D6  	BTG.B	LATDbits, #0
0x0672	0xAA02D6  	BTG.B	LATDbits, #0
0x0674	0xAA02D6  	BTG.B	LATDbits, #0
0x0676	0xAA02D6  	BTG.B	LATDbits, #0
0x0678	0xAA02D6  	BTG.B	LATDbits, #0
0x067A	0xAA02D6  	BTG.B	LATDbits, #0
0x067C	0xAA02D6  	BTG.B	LATDbits, #0
0x067E	0xAA02D6  	BTG.B	LATDbits, #0
0x0680	0xAA02D6  	BTG.B	LATDbits, #0
0x0682	0xAA02D6  	BTG.B	LATDbits, #0
0x0684	0xAA02D6  	BTG.B	LATDbits, #0
0x0686	0xAA02D6  	BTG.B	LATDbits, #0
0x0688	0xAA02D6  	BTG.B	LATDbits, #0
0x068A	0xAA02D6  	BTG.B	LATDbits, #0
0x068C	0xAA02D6  	BTG.B	LATDbits, #0
0x068E	0xAA02D6  	BTG.B	LATDbits, #0
0x0690	0xAA02D6  	BTG.B	LATDbits, #0
0x0692	0xAA02D6  	BTG.B	LATDbits, #0
0x0694	0xAA02D6  	BTG.B	LATDbits, #0
0x0696	0xAA02D6  	BTG.B	LATDbits, #0
0x0698	0xAA02D6  	BTG.B	LATDbits, #0
0x069A	0xAA02D6  	BTG.B	LATDbits, #0
0x069C	0xAA02D6  	BTG.B	LATDbits, #0
0x069E	0xAA02D6  	BTG.B	LATDbits, #0
0x06A0	0xAA02D6  	BTG.B	LATDbits, #0
0x06A2	0xAA02D6  	BTG.B	LATDbits, #0
0x06A4	0xAA02D6  	BTG.B	LATDbits, #0
0x06A6	0xAA02D6  	BTG.B	LATDbits, #0
0x06A8	0xAA02D6  	BTG.B	LATDbits, #0
0x06AA	0xAA02D6  	BTG.B	LATDbits, #0
0x06AC	0xAA02D6  	BTG.B	LATDbits, #0
0x06AE	0xAA02D6  	BTG.B	LATDbits, #0
0x06B0	0xAA02D6  	BTG.B	LATDbits, #0
0x06B2	0xAA02D6  	BTG.B	LATDbits, #0
0x06B4	0xAA02D6  	BTG.B	LATDbits, #0
0x06B6	0xAA02D6  	BTG.B	LATDbits, #0
0x06B8	0xAA02D6  	BTG.B	LATDbits, #0
0x06BA	0xAA02D6  	BTG.B	LATDbits, #0
0x06BC	0xAA02D6  	BTG.B	LATDbits, #0
0x06BE	0xAA02D6  	BTG.B	LATDbits, #0
0x06C0	0xAA02D6  	BTG.B	LATDbits, #0
0x06C2	0xAA02D6  	BTG.B	LATDbits, #0
0x06C4	0xAA02D6  	BTG.B	LATDbits, #0
0x06C6	0xAA02D6  	BTG.B	LATDbits, #0
0x06C8	0xAA02D6  	BTG.B	LATDbits, #0
0x06CA	0xAA02D6  	BTG.B	LATDbits, #0
0x06CC	0xAA02D6  	BTG.B	LATDbits, #0
0x06CE	0xAA02D6  	BTG.B	LATDbits, #0
0x06D0	0xAA02D6  	BTG.B	LATDbits, #0
0x06D2	0xAA02D6  	BTG.B	LATDbits, #0
0x06D4	0xAA02D6  	BTG.B	LATDbits, #0
0x06D6	0xAA02D6  	BTG.B	LATDbits, #0
0x06D8	0xAA02D6  	BTG.B	LATDbits, #0
0x06DA	0xAA02D6  	BTG.B	LATDbits, #0
0x06DC	0xAA02D6  	BTG.B	LATDbits, #0
0x06DE	0xAA02D6  	BTG.B	LATDbits, #0
0x06E0	0xAA02D6  	BTG.B	LATDbits, #0
0x06E2	0xAA02D6  	BTG.B	LATDbits, #0
0x06E4	0xAA02D6  	BTG.B	LATDbits, #0
0x06E6	0xAA02D6  	BTG.B	LATDbits, #0
0x06E8	0xAA02D6  	BTG.B	LATDbits, #0
0x06EA	0xAA02D6  	BTG.B	LATDbits, #0
0x06EC	0xAA02D6  	BTG.B	LATDbits, #0
0x06EE	0xAA02D6  	BTG.B	LATDbits, #0
0x06F0	0xAA02D6  	BTG.B	LATDbits, #0
0x06F2	0xAA02D6  	BTG.B	LATDbits, #0
0x06F4	0xAA02D6  	BTG.B	LATDbits, #0
0x06F6	0xAA02D6  	BTG.B	LATDbits, #0
0x06F8	0xAA02D6  	BTG.B	LATDbits, #0
0x06FA	0xAA02D6  	BTG.B	LATDbits, #0
0x06FC	0xAA02D6  	BTG.B	LATDbits, #0
0x06FE	0xAA02D6  	BTG.B	LATDbits, #0
0x0700	0xAA02D6  	BTG.B	LATDbits, #0
0x0702	0xAA02D6  	BTG.B	LATDbits, #0
0x0704	0xAA02D6  	BTG.B	LATDbits, #0
0x0706	0xAA02D6  	BTG.B	LATDbits, #0
0x0708	0xAA02D6  	BTG.B	LATDbits, #0
0x070A	0xAA02D6  	BTG.B	LATDbits, #0
0x070C	0xAA02D6  	BTG.B	LATDbits, #0
0x070E	0xAA02D6  	BTG.B	LATDbits, #0
0x0710	0xAA02D6  	BTG.B	LATDbits, #0
0x0712	0xAA02D6  	BTG.B	LATDbits, #0
0x0714	0xAA02D6  	BTG.B	LATDbits, #0
0x0716	0xAA02D6  	BTG.B	LATDbits, #0
0x0718	0xAA02D6  	BTG.B	LATDbits, #0
0x071A	0xAA02D6  	BTG.B	LATDbits, #0
0x071C	0xAA02D6  	BTG.B	LATDbits, #0
0x071E	0xAA02D6  	BTG.B	LATDbits, #0
0x0720	0xAA02D6  	BTG.B	LATDbits, #0
0x0722	0xAA02D6  	BTG.B	LATDbits, #0
0x0724	0xAA02D6  	BTG.B	LATDbits, #0
0x0726	0xAA02D6  	BTG.B	LATDbits, #0
0x0728	0xAA02D6  	BTG.B	LATDbits, #0
0x072A	0xAA02D6  	BTG.B	LATDbits, #0
;dsPIC_VGA.c,75 :: 		REP(0, 0, 8, VGA_R = 0;) // 40 / 5 = 8 cycles
0x072C	0xA902D6  	BCLR.B	LATDbits, #0
0x072E	0xA902D6  	BCLR.B	LATDbits, #0
0x0730	0xA902D6  	BCLR.B	LATDbits, #0
0x0732	0xA902D6  	BCLR.B	LATDbits, #0
0x0734	0xA902D6  	BCLR.B	LATDbits, #0
0x0736	0xA902D6  	BCLR.B	LATDbits, #0
0x0738	0xA902D6  	BCLR.B	LATDbits, #0
0x073A	0xA902D6  	BCLR.B	LATDbits, #0
;dsPIC_VGA.c,77 :: 		hsync_on; REP(0, 2, 4, NOP) hsync_off; // 128 / 5 = 25.6 cycles
0x073C	0xA922DC  	BCLR.B	LATEbits, #1
0x073E	0x000000  	NOP
0x0740	0x000000  	NOP
0x0742	0x000000  	NOP
0x0744	0x000000  	NOP
0x0746	0x000000  	NOP
0x0748	0x000000  	NOP
0x074A	0x000000  	NOP
0x074C	0x000000  	NOP
0x074E	0x000000  	NOP
0x0750	0x000000  	NOP
0x0752	0x000000  	NOP
0x0754	0x000000  	NOP
0x0756	0x000000  	NOP
0x0758	0x000000  	NOP
0x075A	0x000000  	NOP
0x075C	0x000000  	NOP
0x075E	0x000000  	NOP
0x0760	0x000000  	NOP
0x0762	0x000000  	NOP
0x0764	0x000000  	NOP
0x0766	0x000000  	NOP
0x0768	0x000000  	NOP
0x076A	0x000000  	NOP
0x076C	0x000000  	NOP
0x076E	0xA822DC  	BSET.B	LATEbits, #1
;dsPIC_VGA.c,79 :: 		REP(0, 1, 5, NOP) } // 88 / 5 = 17.6 cycles
0x0770	0x000000  	NOP
0x0772	0x000000  	NOP
0x0774	0x000000  	NOP
0x0776	0x000000  	NOP
0x0778	0x000000  	NOP
0x077A	0x000000  	NOP
0x077C	0x000000  	NOP
0x077E	0x000000  	NOP
0x0780	0x000000  	NOP
0x0782	0x000000  	NOP
0x0784	0x000000  	NOP
0x0786	0x000000  	NOP
0x0788	0x000000  	NOP
0x078A	0x000000  	NOP
0x078C	0x000000  	NOP
L_end_Hsync:
0x078E	0x060000  	RETURN
; end of _Hsync
_Hsync_with_vsync_on:
;dsPIC_VGA.c,92 :: 		void Hsync_with_vsync_on() {
;dsPIC_VGA.c,93 :: 		REP(1, 5, 8, NOP)
0x0100	0x000000  	NOP
0x0102	0x000000  	NOP
0x0104	0x000000  	NOP
0x0106	0x000000  	NOP
0x0108	0x000000  	NOP
0x010A	0x000000  	NOP
0x010C	0x000000  	NOP
0x010E	0x000000  	NOP
0x0110	0x000000  	NOP
0x0112	0x000000  	NOP
0x0114	0x000000  	NOP
0x0116	0x000000  	NOP
0x0118	0x000000  	NOP
0x011A	0x000000  	NOP
0x011C	0x000000  	NOP
0x011E	0x000000  	NOP
0x0120	0x000000  	NOP
0x0122	0x000000  	NOP
0x0124	0x000000  	NOP
0x0126	0x000000  	NOP
0x0128	0x000000  	NOP
0x012A	0x000000  	NOP
0x012C	0x000000  	NOP
0x012E	0x000000  	NOP
0x0130	0x000000  	NOP
0x0132	0x000000  	NOP
0x0134	0x000000  	NOP
0x0136	0x000000  	NOP
0x0138	0x000000  	NOP
0x013A	0x000000  	NOP
0x013C	0x000000  	NOP
0x013E	0x000000  	NOP
0x0140	0x000000  	NOP
0x0142	0x000000  	NOP
0x0144	0x000000  	NOP
0x0146	0x000000  	NOP
0x0148	0x000000  	NOP
0x014A	0x000000  	NOP
0x014C	0x000000  	NOP
0x014E	0x000000  	NOP
0x0150	0x000000  	NOP
0x0152	0x000000  	NOP
0x0154	0x000000  	NOP
0x0156	0x000000  	NOP
0x0158	0x000000  	NOP
0x015A	0x000000  	NOP
0x015C	0x000000  	NOP
0x015E	0x000000  	NOP
0x0160	0x000000  	NOP
0x0162	0x000000  	NOP
0x0164	0x000000  	NOP
0x0166	0x000000  	NOP
0x0168	0x000000  	NOP
0x016A	0x000000  	NOP
0x016C	0x000000  	NOP
0x016E	0x000000  	NOP
0x0170	0x000000  	NOP
0x0172	0x000000  	NOP
0x0174	0x000000  	NOP
0x0176	0x000000  	NOP
0x0178	0x000000  	NOP
0x017A	0x000000  	NOP
0x017C	0x000000  	NOP
0x017E	0x000000  	NOP
0x0180	0x000000  	NOP
0x0182	0x000000  	NOP
0x0184	0x000000  	NOP
0x0186	0x000000  	NOP
0x0188	0x000000  	NOP
0x018A	0x000000  	NOP
0x018C	0x000000  	NOP
0x018E	0x000000  	NOP
0x0190	0x000000  	NOP
0x0192	0x000000  	NOP
0x0194	0x000000  	NOP
0x0196	0x000000  	NOP
0x0198	0x000000  	NOP
0x019A	0x000000  	NOP
0x019C	0x000000  	NOP
0x019E	0x000000  	NOP
0x01A0	0x000000  	NOP
0x01A2	0x000000  	NOP
0x01A4	0x000000  	NOP
0x01A6	0x000000  	NOP
0x01A8	0x000000  	NOP
0x01AA	0x000000  	NOP
0x01AC	0x000000  	NOP
0x01AE	0x000000  	NOP
0x01B0	0x000000  	NOP
0x01B2	0x000000  	NOP
0x01B4	0x000000  	NOP
0x01B6	0x000000  	NOP
0x01B8	0x000000  	NOP
0x01BA	0x000000  	NOP
0x01BC	0x000000  	NOP
0x01BE	0x000000  	NOP
0x01C0	0x000000  	NOP
0x01C2	0x000000  	NOP
0x01C4	0x000000  	NOP
0x01C6	0x000000  	NOP
0x01C8	0x000000  	NOP
0x01CA	0x000000  	NOP
0x01CC	0x000000  	NOP
0x01CE	0x000000  	NOP
0x01D0	0x000000  	NOP
0x01D2	0x000000  	NOP
0x01D4	0x000000  	NOP
0x01D6	0x000000  	NOP
0x01D8	0x000000  	NOP
0x01DA	0x000000  	NOP
0x01DC	0x000000  	NOP
0x01DE	0x000000  	NOP
0x01E0	0x000000  	NOP
0x01E2	0x000000  	NOP
0x01E4	0x000000  	NOP
0x01E6	0x000000  	NOP
0x01E8	0x000000  	NOP
0x01EA	0x000000  	NOP
0x01EC	0x000000  	NOP
0x01EE	0x000000  	NOP
0x01F0	0x000000  	NOP
0x01F2	0x000000  	NOP
0x01F4	0x000000  	NOP
0x01F6	0x000000  	NOP
0x01F8	0x000000  	NOP
0x01FA	0x000000  	NOP
0x01FC	0x000000  	NOP
0x01FE	0x000000  	NOP
0x0200	0x000000  	NOP
0x0202	0x000000  	NOP
0x0204	0x000000  	NOP
0x0206	0x000000  	NOP
0x0208	0x000000  	NOP
0x020A	0x000000  	NOP
0x020C	0x000000  	NOP
0x020E	0x000000  	NOP
0x0210	0x000000  	NOP
0x0212	0x000000  	NOP
0x0214	0x000000  	NOP
0x0216	0x000000  	NOP
0x0218	0x000000  	NOP
0x021A	0x000000  	NOP
0x021C	0x000000  	NOP
0x021E	0x000000  	NOP
0x0220	0x000000  	NOP
0x0222	0x000000  	NOP
0x0224	0x000000  	NOP
0x0226	0x000000  	NOP
0x0228	0x000000  	NOP
0x022A	0x000000  	NOP
0x022C	0x000000  	NOP
0x022E	0x000000  	NOP
0x0230	0x000000  	NOP
0x0232	0x000000  	NOP
0x0234	0x000000  	NOP
0x0236	0x000000  	NOP
0x0238	0x000000  	NOP
0x023A	0x000000  	NOP
;dsPIC_VGA.c,95 :: 		REP(0, 0, 8, NOP)
0x023C	0x000000  	NOP
0x023E	0x000000  	NOP
0x0240	0x000000  	NOP
0x0242	0x000000  	NOP
0x0244	0x000000  	NOP
0x0246	0x000000  	NOP
0x0248	0x000000  	NOP
0x024A	0x000000  	NOP
;dsPIC_VGA.c,97 :: 		hsync_on; REP(0, 2, 4, NOP) hsync_off;
0x024C	0xA922DC  	BCLR.B	LATEbits, #1
0x024E	0x000000  	NOP
0x0250	0x000000  	NOP
0x0252	0x000000  	NOP
0x0254	0x000000  	NOP
0x0256	0x000000  	NOP
0x0258	0x000000  	NOP
0x025A	0x000000  	NOP
0x025C	0x000000  	NOP
0x025E	0x000000  	NOP
0x0260	0x000000  	NOP
0x0262	0x000000  	NOP
0x0264	0x000000  	NOP
0x0266	0x000000  	NOP
0x0268	0x000000  	NOP
0x026A	0x000000  	NOP
0x026C	0x000000  	NOP
0x026E	0x000000  	NOP
0x0270	0x000000  	NOP
0x0272	0x000000  	NOP
0x0274	0x000000  	NOP
0x0276	0x000000  	NOP
0x0278	0x000000  	NOP
0x027A	0x000000  	NOP
0x027C	0x000000  	NOP
0x027E	0xA822DC  	BSET.B	LATEbits, #1
;dsPIC_VGA.c,99 :: 		REP(0, 1, 4, NOP) vsync_on;}
0x0280	0x000000  	NOP
0x0282	0x000000  	NOP
0x0284	0x000000  	NOP
0x0286	0x000000  	NOP
0x0288	0x000000  	NOP
0x028A	0x000000  	NOP
0x028C	0x000000  	NOP
0x028E	0x000000  	NOP
0x0290	0x000000  	NOP
0x0292	0x000000  	NOP
0x0294	0x000000  	NOP
0x0296	0x000000  	NOP
0x0298	0x000000  	NOP
0x029A	0x000000  	NOP
0x029C	0xA942DC  	BCLR.B	LATEbits, #2
L_end_Hsync_with_vsync_on:
0x029E	0x060000  	RETURN
; end of _Hsync_with_vsync_on
_Hsync_with_vsync_off:
;dsPIC_VGA.c,101 :: 		void Hsync_with_vsync_off() {
;dsPIC_VGA.c,102 :: 		REP(1, 5, 8, NOP)
0x02A0	0x000000  	NOP
0x02A2	0x000000  	NOP
0x02A4	0x000000  	NOP
0x02A6	0x000000  	NOP
0x02A8	0x000000  	NOP
0x02AA	0x000000  	NOP
0x02AC	0x000000  	NOP
0x02AE	0x000000  	NOP
0x02B0	0x000000  	NOP
0x02B2	0x000000  	NOP
0x02B4	0x000000  	NOP
0x02B6	0x000000  	NOP
0x02B8	0x000000  	NOP
0x02BA	0x000000  	NOP
0x02BC	0x000000  	NOP
0x02BE	0x000000  	NOP
0x02C0	0x000000  	NOP
0x02C2	0x000000  	NOP
0x02C4	0x000000  	NOP
0x02C6	0x000000  	NOP
0x02C8	0x000000  	NOP
0x02CA	0x000000  	NOP
0x02CC	0x000000  	NOP
0x02CE	0x000000  	NOP
0x02D0	0x000000  	NOP
0x02D2	0x000000  	NOP
0x02D4	0x000000  	NOP
0x02D6	0x000000  	NOP
0x02D8	0x000000  	NOP
0x02DA	0x000000  	NOP
0x02DC	0x000000  	NOP
0x02DE	0x000000  	NOP
0x02E0	0x000000  	NOP
0x02E2	0x000000  	NOP
0x02E4	0x000000  	NOP
0x02E6	0x000000  	NOP
0x02E8	0x000000  	NOP
0x02EA	0x000000  	NOP
0x02EC	0x000000  	NOP
0x02EE	0x000000  	NOP
0x02F0	0x000000  	NOP
0x02F2	0x000000  	NOP
0x02F4	0x000000  	NOP
0x02F6	0x000000  	NOP
0x02F8	0x000000  	NOP
0x02FA	0x000000  	NOP
0x02FC	0x000000  	NOP
0x02FE	0x000000  	NOP
0x0300	0x000000  	NOP
0x0302	0x000000  	NOP
0x0304	0x000000  	NOP
0x0306	0x000000  	NOP
0x0308	0x000000  	NOP
0x030A	0x000000  	NOP
0x030C	0x000000  	NOP
0x030E	0x000000  	NOP
0x0310	0x000000  	NOP
0x0312	0x000000  	NOP
0x0314	0x000000  	NOP
0x0316	0x000000  	NOP
0x0318	0x000000  	NOP
0x031A	0x000000  	NOP
0x031C	0x000000  	NOP
0x031E	0x000000  	NOP
0x0320	0x000000  	NOP
0x0322	0x000000  	NOP
0x0324	0x000000  	NOP
0x0326	0x000000  	NOP
0x0328	0x000000  	NOP
0x032A	0x000000  	NOP
0x032C	0x000000  	NOP
0x032E	0x000000  	NOP
0x0330	0x000000  	NOP
0x0332	0x000000  	NOP
0x0334	0x000000  	NOP
0x0336	0x000000  	NOP
0x0338	0x000000  	NOP
0x033A	0x000000  	NOP
0x033C	0x000000  	NOP
0x033E	0x000000  	NOP
0x0340	0x000000  	NOP
0x0342	0x000000  	NOP
0x0344	0x000000  	NOP
0x0346	0x000000  	NOP
0x0348	0x000000  	NOP
0x034A	0x000000  	NOP
0x034C	0x000000  	NOP
0x034E	0x000000  	NOP
0x0350	0x000000  	NOP
0x0352	0x000000  	NOP
0x0354	0x000000  	NOP
0x0356	0x000000  	NOP
0x0358	0x000000  	NOP
0x035A	0x000000  	NOP
0x035C	0x000000  	NOP
0x035E	0x000000  	NOP
0x0360	0x000000  	NOP
0x0362	0x000000  	NOP
0x0364	0x000000  	NOP
0x0366	0x000000  	NOP
0x0368	0x000000  	NOP
0x036A	0x000000  	NOP
0x036C	0x000000  	NOP
0x036E	0x000000  	NOP
0x0370	0x000000  	NOP
0x0372	0x000000  	NOP
0x0374	0x000000  	NOP
0x0376	0x000000  	NOP
0x0378	0x000000  	NOP
0x037A	0x000000  	NOP
0x037C	0x000000  	NOP
0x037E	0x000000  	NOP
0x0380	0x000000  	NOP
0x0382	0x000000  	NOP
0x0384	0x000000  	NOP
0x0386	0x000000  	NOP
0x0388	0x000000  	NOP
0x038A	0x000000  	NOP
0x038C	0x000000  	NOP
0x038E	0x000000  	NOP
0x0390	0x000000  	NOP
0x0392	0x000000  	NOP
0x0394	0x000000  	NOP
0x0396	0x000000  	NOP
0x0398	0x000000  	NOP
0x039A	0x000000  	NOP
0x039C	0x000000  	NOP
0x039E	0x000000  	NOP
0x03A0	0x000000  	NOP
0x03A2	0x000000  	NOP
0x03A4	0x000000  	NOP
0x03A6	0x000000  	NOP
0x03A8	0x000000  	NOP
0x03AA	0x000000  	NOP
0x03AC	0x000000  	NOP
0x03AE	0x000000  	NOP
0x03B0	0x000000  	NOP
0x03B2	0x000000  	NOP
0x03B4	0x000000  	NOP
0x03B6	0x000000  	NOP
0x03B8	0x000000  	NOP
0x03BA	0x000000  	NOP
0x03BC	0x000000  	NOP
0x03BE	0x000000  	NOP
0x03C0	0x000000  	NOP
0x03C2	0x000000  	NOP
0x03C4	0x000000  	NOP
0x03C6	0x000000  	NOP
0x03C8	0x000000  	NOP
0x03CA	0x000000  	NOP
0x03CC	0x000000  	NOP
0x03CE	0x000000  	NOP
0x03D0	0x000000  	NOP
0x03D2	0x000000  	NOP
0x03D4	0x000000  	NOP
0x03D6	0x000000  	NOP
0x03D8	0x000000  	NOP
0x03DA	0x000000  	NOP
;dsPIC_VGA.c,104 :: 		REP(0, 0, 8, NOP)
0x03DC	0x000000  	NOP
0x03DE	0x000000  	NOP
0x03E0	0x000000  	NOP
0x03E2	0x000000  	NOP
0x03E4	0x000000  	NOP
0x03E6	0x000000  	NOP
0x03E8	0x000000  	NOP
0x03EA	0x000000  	NOP
;dsPIC_VGA.c,106 :: 		hsync_on; REP(0, 2, 4, NOP) hsync_off;
0x03EC	0xA922DC  	BCLR.B	LATEbits, #1
0x03EE	0x000000  	NOP
0x03F0	0x000000  	NOP
0x03F2	0x000000  	NOP
0x03F4	0x000000  	NOP
0x03F6	0x000000  	NOP
0x03F8	0x000000  	NOP
0x03FA	0x000000  	NOP
0x03FC	0x000000  	NOP
0x03FE	0x000000  	NOP
0x0400	0x000000  	NOP
0x0402	0x000000  	NOP
0x0404	0x000000  	NOP
0x0406	0x000000  	NOP
0x0408	0x000000  	NOP
0x040A	0x000000  	NOP
0x040C	0x000000  	NOP
0x040E	0x000000  	NOP
0x0410	0x000000  	NOP
0x0412	0x000000  	NOP
0x0414	0x000000  	NOP
0x0416	0x000000  	NOP
0x0418	0x000000  	NOP
0x041A	0x000000  	NOP
0x041C	0x000000  	NOP
0x041E	0xA822DC  	BSET.B	LATEbits, #1
;dsPIC_VGA.c,108 :: 		REP(0, 1, 4, NOP) vsync_off; }
0x0420	0x000000  	NOP
0x0422	0x000000  	NOP
0x0424	0x000000  	NOP
0x0426	0x000000  	NOP
0x0428	0x000000  	NOP
0x042A	0x000000  	NOP
0x042C	0x000000  	NOP
0x042E	0x000000  	NOP
0x0430	0x000000  	NOP
0x0432	0x000000  	NOP
0x0434	0x000000  	NOP
0x0436	0x000000  	NOP
0x0438	0x000000  	NOP
0x043A	0x000000  	NOP
0x043C	0xA842DC  	BSET.B	LATEbits, #2
L_end_Hsync_with_vsync_off:
0x043E	0x060000  	RETURN
; end of _Hsync_with_vsync_off
_Hsync_final:
;dsPIC_VGA.c,82 :: 		void Hsync_final() {
;dsPIC_VGA.c,83 :: 		REP(1, 5, 8, NOP)
0x0440	0x000000  	NOP
0x0442	0x000000  	NOP
0x0444	0x000000  	NOP
0x0446	0x000000  	NOP
0x0448	0x000000  	NOP
0x044A	0x000000  	NOP
0x044C	0x000000  	NOP
0x044E	0x000000  	NOP
0x0450	0x000000  	NOP
0x0452	0x000000  	NOP
0x0454	0x000000  	NOP
0x0456	0x000000  	NOP
0x0458	0x000000  	NOP
0x045A	0x000000  	NOP
0x045C	0x000000  	NOP
0x045E	0x000000  	NOP
0x0460	0x000000  	NOP
0x0462	0x000000  	NOP
0x0464	0x000000  	NOP
0x0466	0x000000  	NOP
0x0468	0x000000  	NOP
0x046A	0x000000  	NOP
0x046C	0x000000  	NOP
0x046E	0x000000  	NOP
0x0470	0x000000  	NOP
0x0472	0x000000  	NOP
0x0474	0x000000  	NOP
0x0476	0x000000  	NOP
0x0478	0x000000  	NOP
0x047A	0x000000  	NOP
0x047C	0x000000  	NOP
0x047E	0x000000  	NOP
0x0480	0x000000  	NOP
0x0482	0x000000  	NOP
0x0484	0x000000  	NOP
0x0486	0x000000  	NOP
0x0488	0x000000  	NOP
0x048A	0x000000  	NOP
0x048C	0x000000  	NOP
0x048E	0x000000  	NOP
0x0490	0x000000  	NOP
0x0492	0x000000  	NOP
0x0494	0x000000  	NOP
0x0496	0x000000  	NOP
0x0498	0x000000  	NOP
0x049A	0x000000  	NOP
0x049C	0x000000  	NOP
0x049E	0x000000  	NOP
0x04A0	0x000000  	NOP
0x04A2	0x000000  	NOP
0x04A4	0x000000  	NOP
0x04A6	0x000000  	NOP
0x04A8	0x000000  	NOP
0x04AA	0x000000  	NOP
0x04AC	0x000000  	NOP
0x04AE	0x000000  	NOP
0x04B0	0x000000  	NOP
0x04B2	0x000000  	NOP
0x04B4	0x000000  	NOP
0x04B6	0x000000  	NOP
0x04B8	0x000000  	NOP
0x04BA	0x000000  	NOP
0x04BC	0x000000  	NOP
0x04BE	0x000000  	NOP
0x04C0	0x000000  	NOP
0x04C2	0x000000  	NOP
0x04C4	0x000000  	NOP
0x04C6	0x000000  	NOP
0x04C8	0x000000  	NOP
0x04CA	0x000000  	NOP
0x04CC	0x000000  	NOP
0x04CE	0x000000  	NOP
0x04D0	0x000000  	NOP
0x04D2	0x000000  	NOP
0x04D4	0x000000  	NOP
0x04D6	0x000000  	NOP
0x04D8	0x000000  	NOP
0x04DA	0x000000  	NOP
0x04DC	0x000000  	NOP
0x04DE	0x000000  	NOP
0x04E0	0x000000  	NOP
0x04E2	0x000000  	NOP
0x04E4	0x000000  	NOP
0x04E6	0x000000  	NOP
0x04E8	0x000000  	NOP
0x04EA	0x000000  	NOP
0x04EC	0x000000  	NOP
0x04EE	0x000000  	NOP
0x04F0	0x000000  	NOP
0x04F2	0x000000  	NOP
0x04F4	0x000000  	NOP
0x04F6	0x000000  	NOP
0x04F8	0x000000  	NOP
0x04FA	0x000000  	NOP
0x04FC	0x000000  	NOP
0x04FE	0x000000  	NOP
0x0500	0x000000  	NOP
0x0502	0x000000  	NOP
0x0504	0x000000  	NOP
0x0506	0x000000  	NOP
0x0508	0x000000  	NOP
0x050A	0x000000  	NOP
0x050C	0x000000  	NOP
0x050E	0x000000  	NOP
0x0510	0x000000  	NOP
0x0512	0x000000  	NOP
0x0514	0x000000  	NOP
0x0516	0x000000  	NOP
0x0518	0x000000  	NOP
0x051A	0x000000  	NOP
0x051C	0x000000  	NOP
0x051E	0x000000  	NOP
0x0520	0x000000  	NOP
0x0522	0x000000  	NOP
0x0524	0x000000  	NOP
0x0526	0x000000  	NOP
0x0528	0x000000  	NOP
0x052A	0x000000  	NOP
0x052C	0x000000  	NOP
0x052E	0x000000  	NOP
0x0530	0x000000  	NOP
0x0532	0x000000  	NOP
0x0534	0x000000  	NOP
0x0536	0x000000  	NOP
0x0538	0x000000  	NOP
0x053A	0x000000  	NOP
0x053C	0x000000  	NOP
0x053E	0x000000  	NOP
0x0540	0x000000  	NOP
0x0542	0x000000  	NOP
0x0544	0x000000  	NOP
0x0546	0x000000  	NOP
0x0548	0x000000  	NOP
0x054A	0x000000  	NOP
0x054C	0x000000  	NOP
0x054E	0x000000  	NOP
0x0550	0x000000  	NOP
0x0552	0x000000  	NOP
0x0554	0x000000  	NOP
0x0556	0x000000  	NOP
0x0558	0x000000  	NOP
0x055A	0x000000  	NOP
0x055C	0x000000  	NOP
0x055E	0x000000  	NOP
0x0560	0x000000  	NOP
0x0562	0x000000  	NOP
0x0564	0x000000  	NOP
0x0566	0x000000  	NOP
0x0568	0x000000  	NOP
0x056A	0x000000  	NOP
0x056C	0x000000  	NOP
0x056E	0x000000  	NOP
0x0570	0x000000  	NOP
0x0572	0x000000  	NOP
0x0574	0x000000  	NOP
0x0576	0x000000  	NOP
0x0578	0x000000  	NOP
0x057A	0x000000  	NOP
;dsPIC_VGA.c,85 :: 		REP(0, 0, 8, NOP)
0x057C	0x000000  	NOP
0x057E	0x000000  	NOP
0x0580	0x000000  	NOP
0x0582	0x000000  	NOP
0x0584	0x000000  	NOP
0x0586	0x000000  	NOP
0x0588	0x000000  	NOP
0x058A	0x000000  	NOP
;dsPIC_VGA.c,87 :: 		hsync_on; REP(0, 2, 4, NOP) hsync_off;
0x058C	0xA922DC  	BCLR.B	LATEbits, #1
0x058E	0x000000  	NOP
0x0590	0x000000  	NOP
0x0592	0x000000  	NOP
0x0594	0x000000  	NOP
0x0596	0x000000  	NOP
0x0598	0x000000  	NOP
0x059A	0x000000  	NOP
0x059C	0x000000  	NOP
0x059E	0x000000  	NOP
0x05A0	0x000000  	NOP
0x05A2	0x000000  	NOP
0x05A4	0x000000  	NOP
0x05A6	0x000000  	NOP
0x05A8	0x000000  	NOP
0x05AA	0x000000  	NOP
0x05AC	0x000000  	NOP
0x05AE	0x000000  	NOP
0x05B0	0x000000  	NOP
0x05B2	0x000000  	NOP
0x05B4	0x000000  	NOP
0x05B6	0x000000  	NOP
0x05B8	0x000000  	NOP
0x05BA	0x000000  	NOP
0x05BC	0x000000  	NOP
0x05BE	0xA822DC  	BSET.B	LATEbits, #1
;dsPIC_VGA.c,89 :: 		REP(0, 1, 3, NOP) }
0x05C0	0x000000  	NOP
0x05C2	0x000000  	NOP
0x05C4	0x000000  	NOP
0x05C6	0x000000  	NOP
0x05C8	0x000000  	NOP
0x05CA	0x000000  	NOP
0x05CC	0x000000  	NOP
0x05CE	0x000000  	NOP
0x05D0	0x000000  	NOP
0x05D2	0x000000  	NOP
0x05D4	0x000000  	NOP
0x05D6	0x000000  	NOP
0x05D8	0x000000  	NOP
L_end_Hsync_final:
0x05DA	0x060000  	RETURN
; end of _Hsync_final
Symbol List:
//** Routines locations **
//ADDRESS    SIZE    PROCEDURE
//----------------------------------------------
0x0100     [416]    _Hsync_with_vsync_on
0x02A0     [416]    _Hsync_with_vsync_off
0x0440     [412]    _Hsync_final
0x05DC      [20]    _setup_ports
0x05F0     [416]    _Hsync
0x0790    [1280]    _main
//** Variables locations ** 
//ADDRESS    SIZE    VARIABLE
//----------------------------------------------
0x02D8       [2]    TRISE
0x02DA       [2]    PORTE
0x02D2       [2]    TRISD
0x02D6       [1]    LATDbits
0x02C6       [2]    TRISB
0x02A8       [2]    ADPCFG
0x02DC       [2]    LATEbits
0x02C8       [2]    PORTB
0x02D4       [2]    PORTD
0x02CE       [2]    PORTC
0x02A8       [2]    ADPCFG
0x02C6       [2]    TRISB
0x02C8       [2]    PORTB
0x02CE       [2]    PORTC
0x02D2       [2]    TRISD
0x02D4       [2]    PORTD
0x02D8       [2]    TRISE
0x02DA       [2]    PORTE
